<?xml version="1.0" encoding="UTF-8"?>
<testsuite name="FirstTest" tests="1" skipped="0" failures="0" errors="0" timestamp="2021-03-10T15:22:41" hostname="DESKTOP-TEM5S50" time="0.073">
  <properties/>
  <testcase name="test()" classname="FirstTest" time="0.073"/>
  <system-out><![CDATA[]]></system-out>
  <system-err><![CDATA[]]></system-err>
</testsuite>
